[0.823s] DEBUG:colcon:Command line arguments: ['/usr/bin/colcon', 'build']
[0.823s] DEBUG:colcon:Parsed command line arguments: Namespace(log_base=None, log_level=None, verb_name='build', build_base='build', install_base='install', merge_install=False, symlink_install=False, test_result_base=None, continue_on_error=False, executor='parallel', parallel_workers=16, event_handlers=None, ignore_user_meta=False, metas=['./colcon.meta'], base_paths=['.'], packages_ignore=None, packages_ignore_regex=None, paths=None, packages_up_to=None, packages_up_to_regex=None, packages_above=None, packages_above_and_dependencies=None, packages_above_depth=None, packages_select_by_dep=None, packages_skip_by_dep=None, packages_skip_up_to=None, packages_select_build_failed=False, packages_skip_build_finished=False, packages_select_test_failures=False, packages_skip_test_passed=False, packages_select=None, packages_skip=None, packages_select_regex=None, packages_skip_regex=None, packages_start=None, packages_end=None, allow_overriding=[], cmake_args=None, cmake_target=None, cmake_target_skip_unavailable=False, cmake_clean_cache=False, cmake_clean_first=False, cmake_force_configure=False, ament_cmake_args=None, catkin_cmake_args=None, catkin_skip_building_tests=False, verb_parser=<colcon_defaults.argument_parser.defaults.DefaultArgumentsDecorator object at 0x7f981e8004f0>, verb_extension=<colcon_core.verb.build.BuildVerb object at 0x7f981f1e1450>, main=<bound method BuildVerb.main of <colcon_core.verb.build.BuildVerb object at 0x7f981f1e1450>>)
[0.894s] Level 1:colcon.colcon_core.package_discovery:discover_packages(colcon_meta) check parameters
[0.894s] Level 1:colcon.colcon_core.package_discovery:discover_packages(recursive) check parameters
[0.894s] Level 1:colcon.colcon_core.package_discovery:discover_packages(ignore) check parameters
[0.894s] Level 1:colcon.colcon_core.package_discovery:discover_packages(path) check parameters
[0.894s] Level 1:colcon.colcon_core.package_discovery:discover_packages(colcon_meta) discover
[0.894s] Level 1:colcon.colcon_core.package_discovery:discover_packages(recursive) discover
[0.894s] INFO:colcon.colcon_core.package_discovery:Crawling recursively for packages in '/home/cameron/workspaces/autonomy_demo/gps'
[0.895s] Level 1:colcon.colcon_core.package_identification:_identify(.) by extensions ['ignore', 'ignore_ament_install']
[0.895s] Level 1:colcon.colcon_core.package_identification:_identify(.) by extension 'ignore'
[0.895s] Level 1:colcon.colcon_core.package_identification:_identify(.) by extension 'ignore_ament_install'
[0.895s] Level 1:colcon.colcon_core.package_identification:_identify(.) by extensions ['colcon_pkg']
[0.895s] Level 1:colcon.colcon_core.package_identification:_identify(.) by extension 'colcon_pkg'
[0.895s] Level 1:colcon.colcon_core.package_identification:_identify(.) by extensions ['colcon_meta']
[0.895s] Level 1:colcon.colcon_core.package_identification:_identify(.) by extension 'colcon_meta'
[0.896s] Level 1:colcon.colcon_core.package_identification:_identify(.) by extensions ['ros']
[0.896s] Level 1:colcon.colcon_core.package_identification:_identify(.) by extension 'ros'
[0.922s] Level 1:colcon.colcon_core.package_identification:_identify(.) by extensions ['cmake', 'python']
[0.923s] Level 1:colcon.colcon_core.package_identification:_identify(.) by extension 'cmake'
[0.923s] Level 1:colcon.colcon_core.package_identification:_identify(.) by extension 'python'
[0.923s] Level 1:colcon.colcon_core.package_identification:_identify(.) by extensions ['python_setup_py']
[0.923s] Level 1:colcon.colcon_core.package_identification:_identify(.) by extension 'python_setup_py'
[0.923s] Level 1:colcon.colcon_core.package_identification:_identify(build) by extensions ['ignore', 'ignore_ament_install']
[0.923s] Level 1:colcon.colcon_core.package_identification:_identify(build) by extension 'ignore'
[0.924s] Level 1:colcon.colcon_core.package_identification:_identify(build) ignored
[0.924s] Level 1:colcon.colcon_core.package_identification:_identify(install) by extensions ['ignore', 'ignore_ament_install']
[0.924s] Level 1:colcon.colcon_core.package_identification:_identify(install) by extension 'ignore'
[0.924s] Level 1:colcon.colcon_core.package_identification:_identify(install) ignored
[0.925s] Level 1:colcon.colcon_core.package_identification:_identify(log) by extensions ['ignore', 'ignore_ament_install']
[0.925s] Level 1:colcon.colcon_core.package_identification:_identify(log) by extension 'ignore'
[0.925s] Level 1:colcon.colcon_core.package_identification:_identify(log) ignored
[0.925s] Level 1:colcon.colcon_core.package_identification:_identify(src) by extensions ['ignore', 'ignore_ament_install']
[0.925s] Level 1:colcon.colcon_core.package_identification:_identify(src) by extension 'ignore'
[0.925s] Level 1:colcon.colcon_core.package_identification:_identify(src) by extension 'ignore_ament_install'
[0.925s] Level 1:colcon.colcon_core.package_identification:_identify(src) by extensions ['colcon_pkg']
[0.926s] Level 1:colcon.colcon_core.package_identification:_identify(src) by extension 'colcon_pkg'
[0.926s] Level 1:colcon.colcon_core.package_identification:_identify(src) by extensions ['colcon_meta']
[0.926s] Level 1:colcon.colcon_core.package_identification:_identify(src) by extension 'colcon_meta'
[0.926s] Level 1:colcon.colcon_core.package_identification:_identify(src) by extensions ['ros']
[0.926s] Level 1:colcon.colcon_core.package_identification:_identify(src) by extension 'ros'
[0.926s] Level 1:colcon.colcon_core.package_identification:_identify(src) by extensions ['cmake', 'python']
[0.926s] Level 1:colcon.colcon_core.package_identification:_identify(src) by extension 'cmake'
[0.926s] Level 1:colcon.colcon_core.package_identification:_identify(src) by extension 'python'
[0.926s] Level 1:colcon.colcon_core.package_identification:_identify(src) by extensions ['python_setup_py']
[0.927s] Level 1:colcon.colcon_core.package_identification:_identify(src) by extension 'python_setup_py'
[0.927s] Level 1:colcon.colcon_core.package_identification:_identify(src/gps_driver) by extensions ['ignore', 'ignore_ament_install']
[0.927s] Level 1:colcon.colcon_core.package_identification:_identify(src/gps_driver) by extension 'ignore'
[0.927s] Level 1:colcon.colcon_core.package_identification:_identify(src/gps_driver) by extension 'ignore_ament_install'
[0.927s] Level 1:colcon.colcon_core.package_identification:_identify(src/gps_driver) by extensions ['colcon_pkg']
[0.927s] Level 1:colcon.colcon_core.package_identification:_identify(src/gps_driver) by extension 'colcon_pkg'
[0.927s] Level 1:colcon.colcon_core.package_identification:_identify(src/gps_driver) by extensions ['colcon_meta']
[0.928s] Level 1:colcon.colcon_core.package_identification:_identify(src/gps_driver) by extension 'colcon_meta'
[0.928s] Level 1:colcon.colcon_core.package_identification:_identify(src/gps_driver) by extensions ['ros']
[0.928s] Level 1:colcon.colcon_core.package_identification:_identify(src/gps_driver) by extension 'ros'
[0.934s] DEBUG:colcon.colcon_core.package_identification:Package 'src/gps_driver' with type 'ros.ament_python' and name 'gps_driver'
[0.934s] Level 1:colcon.colcon_core.package_identification:_identify(tests) by extensions ['ignore', 'ignore_ament_install']
[0.934s] Level 1:colcon.colcon_core.package_identification:_identify(tests) by extension 'ignore'
[0.934s] Level 1:colcon.colcon_core.package_identification:_identify(tests) by extension 'ignore_ament_install'
[0.934s] Level 1:colcon.colcon_core.package_identification:_identify(tests) by extensions ['colcon_pkg']
[0.934s] Level 1:colcon.colcon_core.package_identification:_identify(tests) by extension 'colcon_pkg'
[0.935s] Level 1:colcon.colcon_core.package_identification:_identify(tests) by extensions ['colcon_meta']
[0.935s] Level 1:colcon.colcon_core.package_identification:_identify(tests) by extension 'colcon_meta'
[0.935s] Level 1:colcon.colcon_core.package_identification:_identify(tests) by extensions ['ros']
[0.935s] Level 1:colcon.colcon_core.package_identification:_identify(tests) by extension 'ros'
[0.935s] Level 1:colcon.colcon_core.package_identification:_identify(tests) by extensions ['cmake', 'python']
[0.935s] Level 1:colcon.colcon_core.package_identification:_identify(tests) by extension 'cmake'
[0.935s] Level 1:colcon.colcon_core.package_identification:_identify(tests) by extension 'python'
[0.935s] Level 1:colcon.colcon_core.package_identification:_identify(tests) by extensions ['python_setup_py']
[0.935s] Level 1:colcon.colcon_core.package_identification:_identify(tests) by extension 'python_setup_py'
[0.936s] Level 1:colcon.colcon_core.package_discovery:discover_packages(recursive) using defaults
[0.936s] Level 1:colcon.colcon_core.package_discovery:discover_packages(ignore) discover
[0.936s] Level 1:colcon.colcon_core.package_discovery:discover_packages(ignore) using defaults
[0.936s] Level 1:colcon.colcon_core.package_discovery:discover_packages(path) discover
[0.936s] Level 1:colcon.colcon_core.package_discovery:discover_packages(path) using defaults
[0.992s] Level 1:colcon.colcon_core.package_discovery:discover_packages(prefix_path) check parameters
[0.992s] Level 1:colcon.colcon_core.package_discovery:discover_packages(prefix_path) discover
[1.002s] DEBUG:colcon.colcon_installed_package_information.package_discovery:Found 394 installed packages in /opt/ros/humble
[1.007s] Level 1:colcon.colcon_core.package_discovery:discover_packages(prefix_path) using defaults
[1.178s] Level 5:colcon.colcon_core.verb:set package 'gps_driver' build argument 'cmake_args' from command line to 'None'
[1.178s] Level 5:colcon.colcon_core.verb:set package 'gps_driver' build argument 'cmake_target' from command line to 'None'
[1.178s] Level 5:colcon.colcon_core.verb:set package 'gps_driver' build argument 'cmake_target_skip_unavailable' from command line to 'False'
[1.178s] Level 5:colcon.colcon_core.verb:set package 'gps_driver' build argument 'cmake_clean_cache' from command line to 'False'
[1.178s] Level 5:colcon.colcon_core.verb:set package 'gps_driver' build argument 'cmake_clean_first' from command line to 'False'
[1.178s] Level 5:colcon.colcon_core.verb:set package 'gps_driver' build argument 'cmake_force_configure' from command line to 'False'
[1.179s] Level 5:colcon.colcon_core.verb:set package 'gps_driver' build argument 'ament_cmake_args' from command line to 'None'
[1.179s] Level 5:colcon.colcon_core.verb:set package 'gps_driver' build argument 'catkin_cmake_args' from command line to 'None'
[1.179s] Level 5:colcon.colcon_core.verb:set package 'gps_driver' build argument 'catkin_skip_building_tests' from command line to 'False'
[1.179s] DEBUG:colcon.colcon_core.verb:Building package 'gps_driver' with the following arguments: {'ament_cmake_args': None, 'build_base': '/home/cameron/workspaces/autonomy_demo/gps/build/gps_driver', 'catkin_cmake_args': None, 'catkin_skip_building_tests': False, 'cmake_args': None, 'cmake_clean_cache': False, 'cmake_clean_first': False, 'cmake_force_configure': False, 'cmake_target': None, 'cmake_target_skip_unavailable': False, 'install_base': '/home/cameron/workspaces/autonomy_demo/gps/install/gps_driver', 'merge_install': False, 'path': '/home/cameron/workspaces/autonomy_demo/gps/src/gps_driver', 'symlink_install': False, 'test_result_base': None}
[1.180s] INFO:colcon.colcon_core.executor:Executing jobs using 'parallel' executor
[1.188s] DEBUG:colcon.colcon_parallel_executor.executor.parallel:run_until_complete
[1.188s] INFO:colcon.colcon_ros.task.ament_python.build:Building ROS package in '/home/cameron/workspaces/autonomy_demo/gps/src/gps_driver' with build type 'ament_python'
[1.188s] Level 1:colcon.colcon_core.shell:create_environment_hook('gps_driver', 'ament_prefix_path')
[1.210s] INFO:colcon.colcon_core.plugin_system:Skipping extension 'colcon_core.shell.bat': Not used on non-Windows systems
[1.210s] INFO:colcon.colcon_core.shell:Creating environment hook '/home/cameron/workspaces/autonomy_demo/gps/install/gps_driver/share/gps_driver/hook/ament_prefix_path.ps1'
[1.212s] INFO:colcon.colcon_core.shell:Creating environment descriptor '/home/cameron/workspaces/autonomy_demo/gps/install/gps_driver/share/gps_driver/hook/ament_prefix_path.dsv'
[1.213s] INFO:colcon.colcon_core.shell:Creating environment hook '/home/cameron/workspaces/autonomy_demo/gps/install/gps_driver/share/gps_driver/hook/ament_prefix_path.sh'
[1.218s] INFO:colcon.colcon_core.shell:Skip shell extension 'powershell' for command environment: Not usable outside of PowerShell
[1.218s] DEBUG:colcon.colcon_core.shell:Skip shell extension 'dsv' for command environment
[1.858s] INFO:colcon.colcon_core.task.python.build:Building Python package in '/home/cameron/workspaces/autonomy_demo/gps/src/gps_driver'
[1.861s] INFO:colcon.colcon_core.shell:Skip shell extension 'powershell' for command environment: Not usable outside of PowerShell
[1.862s] DEBUG:colcon.colcon_core.shell:Skip shell extension 'dsv' for command environment
[2.861s] DEBUG:colcon.colcon_core.event_handler.log_command:Invoking command in '/home/cameron/workspaces/autonomy_demo/gps/src/gps_driver': PYTHONPATH=/home/cameron/workspaces/autonomy_demo/gps/build/gps_driver/prefix_override:/home/cameron/workspaces/autonomy_demo/gps/install/gps_driver/lib/python3.10/site-packages:${PYTHONPATH} /usr/bin/python3 setup.py egg_info --egg-base ../../build/gps_driver build --build-base /home/cameron/workspaces/autonomy_demo/gps/build/gps_driver/build install --record /home/cameron/workspaces/autonomy_demo/gps/build/gps_driver/install.log --single-version-externally-managed
[3.552s] DEBUG:colcon.colcon_core.event_handler.log_command:Invoked command in '/home/cameron/workspaces/autonomy_demo/gps/src/gps_driver' returned '0': PYTHONPATH=/home/cameron/workspaces/autonomy_demo/gps/build/gps_driver/prefix_override:/home/cameron/workspaces/autonomy_demo/gps/install/gps_driver/lib/python3.10/site-packages:${PYTHONPATH} /usr/bin/python3 setup.py egg_info --egg-base ../../build/gps_driver build --build-base /home/cameron/workspaces/autonomy_demo/gps/build/gps_driver/build install --record /home/cameron/workspaces/autonomy_demo/gps/build/gps_driver/install.log --single-version-externally-managed
[3.572s] Level 1:colcon.colcon_core.environment:checking '/home/cameron/workspaces/autonomy_demo/gps/install/gps_driver' for CMake module files
[3.573s] Level 1:colcon.colcon_core.environment:checking '/home/cameron/workspaces/autonomy_demo/gps/install/gps_driver' for CMake config files
[3.574s] Level 1:colcon.colcon_core.environment:checking '/home/cameron/workspaces/autonomy_demo/gps/install/gps_driver/lib'
[3.575s] Level 1:colcon.colcon_core.environment:checking '/home/cameron/workspaces/autonomy_demo/gps/install/gps_driver/bin'
[3.575s] Level 1:colcon.colcon_core.environment:checking '/home/cameron/workspaces/autonomy_demo/gps/install/gps_driver/lib/pkgconfig/gps_driver.pc'
[3.575s] Level 1:colcon.colcon_core.environment:checking '/home/cameron/workspaces/autonomy_demo/gps/install/gps_driver/lib/python3.10/site-packages'
[3.576s] Level 1:colcon.colcon_core.shell:create_environment_hook('gps_driver', 'pythonpath')
[3.578s] INFO:colcon.colcon_core.shell:Creating environment hook '/home/cameron/workspaces/autonomy_demo/gps/install/gps_driver/share/gps_driver/hook/pythonpath.ps1'
[3.579s] INFO:colcon.colcon_core.shell:Creating environment descriptor '/home/cameron/workspaces/autonomy_demo/gps/install/gps_driver/share/gps_driver/hook/pythonpath.dsv'
[3.580s] INFO:colcon.colcon_core.shell:Creating environment hook '/home/cameron/workspaces/autonomy_demo/gps/install/gps_driver/share/gps_driver/hook/pythonpath.sh'
[3.581s] Level 1:colcon.colcon_core.environment:checking '/home/cameron/workspaces/autonomy_demo/gps/install/gps_driver/bin'
[3.581s] Level 1:colcon.colcon_core.environment:create_environment_scripts_only(gps_driver)
[3.584s] INFO:colcon.colcon_core.shell:Creating package script '/home/cameron/workspaces/autonomy_demo/gps/install/gps_driver/share/gps_driver/package.ps1'
[3.586s] INFO:colcon.colcon_core.shell:Creating package descriptor '/home/cameron/workspaces/autonomy_demo/gps/install/gps_driver/share/gps_driver/package.dsv'
[3.588s] INFO:colcon.colcon_core.shell:Creating package script '/home/cameron/workspaces/autonomy_demo/gps/install/gps_driver/share/gps_driver/package.sh'
[3.589s] INFO:colcon.colcon_core.shell:Creating package script '/home/cameron/workspaces/autonomy_demo/gps/install/gps_driver/share/gps_driver/package.bash'
[3.591s] INFO:colcon.colcon_core.shell:Creating package script '/home/cameron/workspaces/autonomy_demo/gps/install/gps_driver/share/gps_driver/package.zsh'
[3.593s] Level 1:colcon.colcon_core.environment:create_file_with_runtime_dependencies(/home/cameron/workspaces/autonomy_demo/gps/install/gps_driver/share/colcon-core/packages/gps_driver)
[3.593s] DEBUG:colcon.colcon_parallel_executor.executor.parallel:closing loop
[3.594s] DEBUG:colcon.colcon_parallel_executor.executor.parallel:loop closed
[3.594s] DEBUG:colcon.colcon_parallel_executor.executor.parallel:run_until_complete finished with '0'
[3.594s] DEBUG:colcon.colcon_core.event_reactor:joining thread
[3.606s] INFO:colcon.colcon_core.plugin_system:Skipping extension 'colcon_notification.desktop_notification.terminal_notifier': Not used on non-Darwin systems
[3.606s] INFO:colcon.colcon_core.plugin_system:Skipping extension 'colcon_notification.desktop_notification.win32': Not used on non-Windows systems
[3.606s] INFO:colcon.colcon_notification.desktop_notification:Sending desktop notification using 'notify2'
[3.643s] DEBUG:colcon.colcon_core.event_reactor:joined thread
[3.647s] INFO:colcon.colcon_core.shell:Creating prefix script '/home/cameron/workspaces/autonomy_demo/gps/install/local_setup.ps1'
[3.649s] INFO:colcon.colcon_core.shell:Creating prefix util module '/home/cameron/workspaces/autonomy_demo/gps/install/_local_setup_util_ps1.py'
[3.652s] INFO:colcon.colcon_core.shell:Creating prefix chain script '/home/cameron/workspaces/autonomy_demo/gps/install/setup.ps1'
[3.655s] INFO:colcon.colcon_core.shell:Creating prefix script '/home/cameron/workspaces/autonomy_demo/gps/install/local_setup.sh'
[3.657s] INFO:colcon.colcon_core.shell:Creating prefix util module '/home/cameron/workspaces/autonomy_demo/gps/install/_local_setup_util_sh.py'
[3.658s] INFO:colcon.colcon_core.shell:Creating prefix chain script '/home/cameron/workspaces/autonomy_demo/gps/install/setup.sh'
[3.661s] INFO:colcon.colcon_core.shell:Creating prefix script '/home/cameron/workspaces/autonomy_demo/gps/install/local_setup.bash'
[3.662s] INFO:colcon.colcon_core.shell:Creating prefix chain script '/home/cameron/workspaces/autonomy_demo/gps/install/setup.bash'
[3.665s] INFO:colcon.colcon_core.shell:Creating prefix script '/home/cameron/workspaces/autonomy_demo/gps/install/local_setup.zsh'
[3.666s] INFO:colcon.colcon_core.shell:Creating prefix chain script '/home/cameron/workspaces/autonomy_demo/gps/install/setup.zsh'
