running egg_info
creating ../../build/gps_driver/gps_driver.egg-info
writing ../../build/gps_driver/gps_driver.egg-info/PKG-INFO
writing dependency_links to ../../build/gps_driver/gps_driver.egg-info/dependency_links.txt
writing entry points to ../../build/gps_driver/gps_driver.egg-info/entry_points.txt
writing requirements to ../../build/gps_driver/gps_driver.egg-info/requires.txt
writing top-level names to ../../build/gps_driver/gps_driver.egg-info/top_level.txt
writing manifest file '../../build/gps_driver/gps_driver.egg-info/SOURCES.txt'
reading manifest file '../../build/gps_driver/gps_driver.egg-info/SOURCES.txt'
writing manifest file '../../build/gps_driver/gps_driver.egg-info/SOURCES.txt'
running build
running build_py
creating /home/cameron/workspaces/autonomy_demo/gps/build/gps_driver/build
creating /home/cameron/workspaces/autonomy_demo/gps/build/gps_driver/build/lib
creating /home/cameron/workspaces/autonomy_demo/gps/build/gps_driver/build/lib/gps_driver
copying gps_driver/gps_publisher.py -> /home/cameron/workspaces/autonomy_demo/gps/build/gps_driver/build/lib/gps_driver
copying gps_driver/__init__.py -> /home/cameron/workspaces/autonomy_demo/gps/build/gps_driver/build/lib/gps_driver
running install
running install_lib
creating /home/cameron/workspaces/autonomy_demo/gps/install/gps_driver/lib/python3.10/site-packages/gps_driver
copying /home/cameron/workspaces/autonomy_demo/gps/build/gps_driver/build/lib/gps_driver/gps_publisher.py -> /home/cameron/workspaces/autonomy_demo/gps/install/gps_driver/lib/python3.10/site-packages/gps_driver
copying /home/cameron/workspaces/autonomy_demo/gps/build/gps_driver/build/lib/gps_driver/__init__.py -> /home/cameron/workspaces/autonomy_demo/gps/install/gps_driver/lib/python3.10/site-packages/gps_driver
byte-compiling /home/cameron/workspaces/autonomy_demo/gps/install/gps_driver/lib/python3.10/site-packages/gps_driver/gps_publisher.py to gps_publisher.cpython-310.pyc
byte-compiling /home/cameron/workspaces/autonomy_demo/gps/install/gps_driver/lib/python3.10/site-packages/gps_driver/__init__.py to __init__.cpython-310.pyc
running install_data
creating /home/cameron/workspaces/autonomy_demo/gps/install/gps_driver/share/ament_index
creating /home/cameron/workspaces/autonomy_demo/gps/install/gps_driver/share/ament_index/resource_index
creating /home/cameron/workspaces/autonomy_demo/gps/install/gps_driver/share/ament_index/resource_index/packages
copying resource/gps_driver -> /home/cameron/workspaces/autonomy_demo/gps/install/gps_driver/share/ament_index/resource_index/packages
copying package.xml -> /home/cameron/workspaces/autonomy_demo/gps/install/gps_driver/share/gps_driver
copying gps_driver/find_devpath.bash -> /home/cameron/workspaces/autonomy_demo/gps/install/gps_driver/share/gps_driver
running install_egg_info
Copying ../../build/gps_driver/gps_driver.egg-info to /home/cameron/workspaces/autonomy_demo/gps/install/gps_driver/lib/python3.10/site-packages/gps_driver-0.0.0-py3.10.egg-info
running install_scripts
Installing gps_publisher script to /home/cameron/workspaces/autonomy_demo/gps/install/gps_driver/lib/gps_driver
writing list of installed files to '/home/cameron/workspaces/autonomy_demo/gps/build/gps_driver/install.log'
