[1.670s] Invoking command in '/home/cameron/workspaces/autonomy_demo/gps/src/gps_driver': PYTHONPATH=/home/cameron/workspaces/autonomy_demo/gps/build/gps_driver/prefix_override:/home/cameron/workspaces/autonomy_demo/gps/install/gps_driver/lib/python3.10/site-packages:${PYTHONPATH} /usr/bin/python3 setup.py egg_info --egg-base ../../build/gps_driver build --build-base /home/cameron/workspaces/autonomy_demo/gps/build/gps_driver/build install --record /home/cameron/workspaces/autonomy_demo/gps/build/gps_driver/install.log --single-version-externally-managed
[2.239s] running egg_info
[2.242s] creating ../../build/gps_driver/gps_driver.egg-info
[2.243s] writing ../../build/gps_driver/gps_driver.egg-info/PKG-INFO
[2.243s] writing dependency_links to ../../build/gps_driver/gps_driver.egg-info/dependency_links.txt
[2.244s] writing entry points to ../../build/gps_driver/gps_driver.egg-info/entry_points.txt
[2.244s] writing requirements to ../../build/gps_driver/gps_driver.egg-info/requires.txt
[2.244s] writing top-level names to ../../build/gps_driver/gps_driver.egg-info/top_level.txt
[2.244s] writing manifest file '../../build/gps_driver/gps_driver.egg-info/SOURCES.txt'
[2.248s] reading manifest file '../../build/gps_driver/gps_driver.egg-info/SOURCES.txt'
[2.250s] writing manifest file '../../build/gps_driver/gps_driver.egg-info/SOURCES.txt'
[2.250s] running build
[2.251s] running build_py
[2.251s] creating /home/cameron/workspaces/autonomy_demo/gps/build/gps_driver/build
[2.251s] creating /home/cameron/workspaces/autonomy_demo/gps/build/gps_driver/build/lib
[2.251s] creating /home/cameron/workspaces/autonomy_demo/gps/build/gps_driver/build/lib/gps_driver
[2.252s] copying gps_driver/gps_publisher.py -> /home/cameron/workspaces/autonomy_demo/gps/build/gps_driver/build/lib/gps_driver
[2.252s] copying gps_driver/__init__.py -> /home/cameron/workspaces/autonomy_demo/gps/build/gps_driver/build/lib/gps_driver
[2.252s] running install
[2.259s] /usr/lib/python3/dist-packages/setuptools/command/install.py:34: SetuptoolsDeprecationWarning: setup.py install is deprecated. Use build and pip and other standards-based tools.
[2.259s]   warnings.warn(
[2.259s] running install_lib
[2.261s] creating /home/cameron/workspaces/autonomy_demo/gps/install/gps_driver/lib/python3.10/site-packages/gps_driver
[2.261s] copying /home/cameron/workspaces/autonomy_demo/gps/build/gps_driver/build/lib/gps_driver/gps_publisher.py -> /home/cameron/workspaces/autonomy_demo/gps/install/gps_driver/lib/python3.10/site-packages/gps_driver
[2.262s] copying /home/cameron/workspaces/autonomy_demo/gps/build/gps_driver/build/lib/gps_driver/__init__.py -> /home/cameron/workspaces/autonomy_demo/gps/install/gps_driver/lib/python3.10/site-packages/gps_driver
[2.263s] byte-compiling /home/cameron/workspaces/autonomy_demo/gps/install/gps_driver/lib/python3.10/site-packages/gps_driver/gps_publisher.py to gps_publisher.cpython-310.pyc
[2.264s] byte-compiling /home/cameron/workspaces/autonomy_demo/gps/install/gps_driver/lib/python3.10/site-packages/gps_driver/__init__.py to __init__.cpython-310.pyc
[2.265s] running install_data
[2.266s] creating /home/cameron/workspaces/autonomy_demo/gps/install/gps_driver/share/ament_index
[2.266s] creating /home/cameron/workspaces/autonomy_demo/gps/install/gps_driver/share/ament_index/resource_index
[2.266s] creating /home/cameron/workspaces/autonomy_demo/gps/install/gps_driver/share/ament_index/resource_index/packages
[2.266s] copying resource/gps_driver -> /home/cameron/workspaces/autonomy_demo/gps/install/gps_driver/share/ament_index/resource_index/packages
[2.267s] copying package.xml -> /home/cameron/workspaces/autonomy_demo/gps/install/gps_driver/share/gps_driver
[2.267s] copying gps_driver/find_devpath.bash -> /home/cameron/workspaces/autonomy_demo/gps/install/gps_driver/share/gps_driver
[2.267s] running install_egg_info
[2.270s] Copying ../../build/gps_driver/gps_driver.egg-info to /home/cameron/workspaces/autonomy_demo/gps/install/gps_driver/lib/python3.10/site-packages/gps_driver-0.0.0-py3.10.egg-info
[2.272s] running install_scripts
[2.315s] Installing gps_publisher script to /home/cameron/workspaces/autonomy_demo/gps/install/gps_driver/lib/gps_driver
[2.316s] writing list of installed files to '/home/cameron/workspaces/autonomy_demo/gps/build/gps_driver/install.log'
[2.362s] Invoked command in '/home/cameron/workspaces/autonomy_demo/gps/src/gps_driver' returned '0': PYTHONPATH=/home/cameron/workspaces/autonomy_demo/gps/build/gps_driver/prefix_override:/home/cameron/workspaces/autonomy_demo/gps/install/gps_driver/lib/python3.10/site-packages:${PYTHONPATH} /usr/bin/python3 setup.py egg_info --egg-base ../../build/gps_driver build --build-base /home/cameron/workspaces/autonomy_demo/gps/build/gps_driver/build install --record /home/cameron/workspaces/autonomy_demo/gps/build/gps_driver/install.log --single-version-externally-managed
